<?xml version="1.0" encoding="UTF-8"?>
<!-- Generated by org.testng.reporters.JUnitReportReporter -->
<testsuite hostname="PavanKalyan" failures="0" tests="1" name="com.backend.testing.SampleGetTest" time="1.601" errors="0" timestamp="2024-06-27T10:33:01 IST" skipped="0">
  <testcase classname="com.backend.testing.SampleGetTest" name="getDatafromServer" time="1.601"/>
</testsuite> <!-- com.backend.testing.SampleGetTest -->
