<?xml version="1.0" encoding="UTF-8"?>
<!-- Generated by org.testng.reporters.JUnitReportReporter -->
<testsuite hostname="PavanKalyan" failures="0" tests="1" name="authentication.PreemptiveAuth" time="1.205" errors="0" timestamp="2024-07-13T09:45:15 IST" skipped="0">
  <testcase classname="authentication.PreemptiveAuth" name="basicAuth" time="1.205"/>
</testsuite> <!-- authentication.PreemptiveAuth -->
