<?xml version="1.0" encoding="UTF-8"?>
<!-- Generated by org.testng.reporters.JUnitReportReporter -->
<testsuite hostname="PavanKalyan" failures="0" tests="1" name="pojoClass.utility.PAyrollCreation" time="1.798" errors="0" timestamp="2024-07-04T10:02:12 IST" skipped="0">
  <testcase classname="pojoClass.utility.PAyrollCreation" name="testName" time="1.798"/>
</testsuite> <!-- pojoClass.utility.PAyrollCreation -->
