<?xml version="1.0" encoding="UTF-8"?>
<!-- Generated by org.testng.reporters.JUnitReportReporter -->
<testsuite hostname="PavanKalyan" failures="0" tests="3" name="com.backend.testing.A" time="0.011" errors="0" timestamp="2024-06-24T15:51:10 IST" skipped="0">
  <testcase classname="com.backend.testing.A" name="then" time="0.002"/>
  <testcase classname="com.backend.testing.A" name="when" time="0.003"/>
  <testcase classname="com.backend.testing.A" name="given" time="0.006"/>
</testsuite> <!-- com.backend.testing.A -->
