<?xml version="1.0" encoding="UTF-8"?>
<!-- Generated by org.testng.reporters.JUnitReportReporter -->
<testsuite hostname="PavanKalyan" failures="0" tests="1" name="seleniumPractice.practice" time="0.012" errors="0" timestamp="2024-07-24T16:25:16 IST" skipped="0">
  <testcase classname="seleniumPractice.practice" name="m1" time="0.012"/>
</testsuite> <!-- seleniumPractice.practice -->
