<?xml version="1.0" encoding="UTF-8"?>
<!-- Generated by org.testng.reporters.JUnitReportReporter -->
<testsuite hostname="PavanKalyan" failures="0" tests="1" name="responseValidation.VerifyResponseBodyTest" time="2.250" errors="0" timestamp="2024-07-02T12:56:37 IST" skipped="0">
  <testcase classname="responseValidation.VerifyResponseBodyTest" name="verifyHeader" time="2.250"/>
</testsuite> <!-- responseValidation.VerifyResponseBodyTest -->
