<?xml version="1.0" encoding="UTF-8"?>
<!-- Generated by org.testng.reporters.JUnitReportReporter -->
<testsuite hostname="PavanKalyan" failures="0" tests="1" name="ArrayPrograms.SwapFirstHalfSecondHalf" time="0.007" errors="0" timestamp="2024-07-25T18:26:27 IST" skipped="0">
  <testcase classname="ArrayPrograms.SwapFirstHalfSecondHalf" name="swap1stHalf2ndHalf" time="0.007"/>
</testsuite> <!-- ArrayPrograms.SwapFirstHalfSecondHalf -->
