<?xml version="1.0" encoding="UTF-8"?>
<!-- Generated by org.testng.reporters.JUnitReportReporter -->
<testsuite hostname="PavanKalyan" failures="0" tests="1" name="com.sample.crud.withBDDTest.SamplePatchTest" time="1.283" errors="0" timestamp="2024-06-27T12:48:42 IST" skipped="0">
  <testcase classname="com.sample.crud.withBDDTest.SamplePatchTest" name="putDataToServer" time="1.283"/>
</testsuite> <!-- com.sample.crud.withBDDTest.SamplePatchTest -->
