<?xml version="1.0" encoding="UTF-8"?>
<!-- Generated by org.testng.reporters.JUnitReportReporter -->
<testsuite hostname="PavanKalyan" failures="0" tests="1" name="programsPractice.SecondLargest" time="0.009" errors="0" timestamp="2024-07-10T12:48:47 IST" skipped="0">
  <testcase classname="programsPractice.SecondLargest" name="m2" time="0.009"/>
</testsuite> <!-- programsPractice.SecondLargest -->
