<?xml version="1.0" encoding="UTF-8"?>
<!-- Generated by org.testng.reporters.JUnitReportReporter -->
<testsuite hostname="PavanKalyan" failures="0" tests="1" name="responseValidation.Verify_Complex_BodyTest" time="2.461" errors="0" timestamp="2024-07-02T14:35:46 IST" skipped="0">
  <testcase classname="responseValidation.Verify_Complex_BodyTest" name="verifyComplexBody" time="2.461"/>
</testsuite> <!-- responseValidation.Verify_Complex_BodyTest -->
