<?xml version="1.0" encoding="UTF-8"?>
<!-- Generated by org.testng.reporters.JUnitReportReporter -->
<testsuite hostname="PavanKalyan" failures="0" tests="1" name="programsPractice.RightShiftInArray" time="0.009" errors="0" timestamp="2024-07-10T13:10:53 IST" skipped="0">
  <testcase classname="programsPractice.RightShiftInArray" name="m1" time="0.009"/>
</testsuite> <!-- programsPractice.RightShiftInArray -->
