<?xml version="1.0" encoding="UTF-8"?>
<!-- Generated by org.testng.reporters.JUnitReportReporter -->
<testsuite hostname="PavanKalyan" failures="0" tests="1" name="ArrayPrograms.MultiplyTwoMatrices" time="0.006" errors="0" timestamp="2024-07-25T17:34:23 IST" skipped="0">
  <testcase classname="ArrayPrograms.MultiplyTwoMatrices" name="m1" time="0.006"/>
</testsuite> <!-- ArrayPrograms.MultiplyTwoMatrices -->
