<?xml version="1.0" encoding="UTF-8"?>
<!-- Generated by org.testng.reporters.JUnitReportReporter -->
<testsuite hostname="PavanKalyan" failures="0" tests="1" name="stringPrograms.FrequencyOfEachWord" time="0.008" errors="0" timestamp="2024-07-24T10:44:05 IST" skipped="0">
  <testcase classname="stringPrograms.FrequencyOfEachWord" name="m3" time="0.008"/>
</testsuite> <!-- stringPrograms.FrequencyOfEachWord -->
