<?xml version="1.0" encoding="UTF-8"?>
<!-- Generated by org.testng.reporters.JUnitReportReporter -->
<testsuite hostname="PavanKalyan" failures="0" tests="1" name="stringPrograms.ReverseTheWordsOFString" time="0.006" errors="0" timestamp="2024-07-11T13:25:29 IST" skipped="0">
  <testcase classname="stringPrograms.ReverseTheWordsOFString" name="m1" time="0.006"/>
</testsuite> <!-- stringPrograms.ReverseTheWordsOFString -->
