<?xml version="1.0" encoding="UTF-8"?>
<!-- Generated by org.testng.reporters.JUnitReportReporter -->
<testsuite hostname="PavanKalyan" failures="0" tests="1" name="practice.PrintFStatementPractice" time="0.008" errors="0" timestamp="2024-07-26T17:58:46 IST" skipped="0">
  <testcase classname="practice.PrintFStatementPractice" name="m1" time="0.008"/>
</testsuite> <!-- practice.PrintFStatementPractice -->
