<?xml version="1.0" encoding="UTF-8"?>
<!-- Generated by org.testng.reporters.JUnitReportReporter -->
<testsuite hostname="PavanKalyan" failures="0" tests="1" name="com.sample.crud.withBDDTest.SampleGetTest" time="1.274" errors="0" timestamp="2024-06-27T11:37:03 IST" skipped="0">
  <testcase classname="com.sample.crud.withBDDTest.SampleGetTest" name="getDatafromServer" time="1.274"/>
</testsuite> <!-- com.sample.crud.withBDDTest.SampleGetTest -->
