<?xml version="1.0" encoding="UTF-8"?>
<!-- Generated by org.testng.reporters.JUnitReportReporter -->
<testsuite hostname="PavanKalyan" failures="0" tests="1" name="authentication.Auth2_0" time="2.070" errors="0" timestamp="2024-07-04T18:09:56 IST" skipped="0">
  <testcase classname="authentication.Auth2_0" name="basicAuth" time="2.070"/>
</testsuite> <!-- authentication.Auth2_0 -->
