<?xml version="1.0" encoding="UTF-8"?>
<!-- Generated by org.testng.reporters.JUnitReportReporter -->
<testsuite hostname="PavanKalyan" failures="0" tests="1" name="programsPractice.MultiplyTwoMatrices" time="0.013" errors="0" timestamp="2024-07-10T15:51:03 IST" skipped="0">
  <testcase classname="programsPractice.MultiplyTwoMatrices" name="m1" time="0.013"/>
</testsuite> <!-- programsPractice.MultiplyTwoMatrices -->
