<?xml version="1.0" encoding="UTF-8"?>
<!-- Generated by org.testng.reporters.JUnitReportReporter -->
<testsuite hostname="PavanKalyan" failures="0" tests="1" name="authentication.BearerTokenAuth" time="1.616" errors="0" timestamp="2024-07-04T17:52:25 IST" skipped="0">
  <testcase classname="authentication.BearerTokenAuth" name="basicAuth" time="1.616"/>
</testsuite> <!-- authentication.BearerTokenAuth -->
