<?xml version="1.0" encoding="UTF-8"?>
<!-- Generated by org.testng.reporters.JUnitReportReporter -->
<testsuite hostname="PavanKalyan" failures="0" tests="1" name="stringPrograms.LargestWord" time="0.013" errors="0" timestamp="2024-07-11T13:14:54 IST" skipped="0">
  <testcase classname="stringPrograms.LargestWord" name="m1" time="0.013"/>
</testsuite> <!-- stringPrograms.LargestWord -->
