<?xml version="1.0" encoding="UTF-8"?>
<!-- Generated by org.testng.reporters.JUnitReportReporter -->
<testsuite hostname="PavanKalyan" failures="0" tests="1" name="com.sample.crud.withBDDTest.SampleDeleteTest" time="1.271" errors="0" timestamp="2024-07-05T15:03:24 IST" skipped="0">
  <testcase classname="com.sample.crud.withBDDTest.SampleDeleteTest" name="deleteDatafromServer" time="1.271"/>
</testsuite> <!-- com.sample.crud.withBDDTest.SampleDeleteTest -->
