<?xml version="1.0" encoding="UTF-8"?>
<!-- Generated by org.testng.reporters.JUnitReportReporter -->
<testsuite hostname="PavanKalyan" failures="0" tests="1" name="requestChaining.Scrnario_02_Add_EmployToProject" time="3.073" errors="0" timestamp="2024-07-02T17:43:27 IST" skipped="0">
  <testcase classname="requestChaining.Scrnario_02_Add_EmployToProject" name="addEmployToProject" time="3.073"/>
</testsuite> <!-- requestChaining.Scrnario_02_Add_EmployToProject -->
