<?xml version="1.0" encoding="UTF-8"?>
<!-- Generated by org.testng.reporters.JUnitReportReporter -->
<testsuite hostname="PavanKalyan" failures="0" tests="1" name="stringPrograms.LexographicallyStrings" time="0.011" errors="0" timestamp="2024-07-12T10:11:47 IST" skipped="0">
  <testcase classname="stringPrograms.LexographicallyStrings" name="m3" time="0.011"/>
</testsuite> <!-- stringPrograms.LexographicallyStrings -->
