<?xml version="1.0" encoding="UTF-8"?>
<!-- Generated by org.testng.reporters.JUnitReportReporter -->
<testsuite hostname="PavanKalyan" failures="0" tests="1" name="stringPrograms.LowerCase" time="0.008" errors="0" timestamp="2024-07-11T13:09:59 IST" skipped="0">
  <testcase classname="stringPrograms.LowerCase" name="m1" time="0.008"/>
</testsuite> <!-- stringPrograms.LowerCase -->
