<?xml version="1.0" encoding="UTF-8"?>
<!-- Generated by org.testng.reporters.JUnitReportReporter -->
<testsuite hostname="PavanKalyan" failures="0" tests="1" name="parameterTypes.FormParameter" time="4.378" errors="0" timestamp="2024-07-13T09:49:11 IST" skipped="0">
  <testcase classname="parameterTypes.FormParameter" name="formParameter" time="4.378"/>
</testsuite> <!-- parameterTypes.FormParameter -->
