<?xml version="1.0" encoding="UTF-8"?>
<!-- Generated by org.testng.reporters.JUnitReportReporter -->
<testsuite hostname="PavanKalyan" failures="0" tests="1" name="stringPrograms.AlphaNumeric" time="0.007" errors="0" timestamp="2024-07-15T14:57:17 IST" skipped="0">
  <testcase classname="stringPrograms.AlphaNumeric" name="m1" time="0.007"/>
</testsuite> <!-- stringPrograms.AlphaNumeric -->
