<?xml version="1.0" encoding="UTF-8"?>
<!-- Generated by org.testng.reporters.JUnitReportReporter -->
<testsuite hostname="PavanKalyan" failures="0" tests="1" name="requestChaining.Scenario_01_Delete_Project" time="2.257" errors="0" timestamp="2024-07-02T15:49:08 IST" skipped="0">
  <testcase classname="requestChaining.Scenario_01_Delete_Project" name="deleteProject" time="2.257"/>
</testsuite> <!-- requestChaining.Scenario_01_Delete_Project -->
