<?xml version="1.0" encoding="UTF-8"?>
<!-- Generated by org.testng.reporters.JUnitReportReporter -->
<testsuite hostname="PavanKalyan" failures="0" tests="1" name="programsPractice.AddTwoMatrices" time="0.007" errors="0" timestamp="2024-07-10T15:04:06 IST" skipped="0">
  <testcase classname="programsPractice.AddTwoMatrices" name="m1" time="0.007"/>
</testsuite> <!-- programsPractice.AddTwoMatrices -->
