<?xml version="1.0" encoding="UTF-8"?>
<!-- Generated by org.testng.reporters.JUnitReportReporter -->
<testsuite hostname="PavanKalyan" failures="0" tests="1" name="practice.SampleTest" time="1.521" errors="0" timestamp="2024-06-25T10:07:32 IST" skipped="0">
  <testcase classname="practice.SampleTest" name="sampleGetReqTest" time="1.521"/>
</testsuite> <!-- practice.SampleTest -->
