<?xml version="1.0" encoding="UTF-8"?>
<!-- Generated by org.testng.reporters.JUnitReportReporter -->
<testsuite hostname="PavanKalyan" failures="0" tests="1" name="programsPractice.LargestElementInArray" time="0.009" errors="0" timestamp="2024-07-10T12:40:36 IST" skipped="0">
  <testcase classname="programsPractice.LargestElementInArray" name="m2" time="0.009"/>
</testsuite> <!-- programsPractice.LargestElementInArray -->
