<?xml version="1.0" encoding="UTF-8"?>
<!-- Generated by org.testng.reporters.JUnitReportReporter -->
<testsuite hostname="PavanKalyan" failures="0" tests="1" name="stringPrograms.pract" time="0.012" errors="0" timestamp="2024-07-26T09:58:15 IST" skipped="0">
  <testcase classname="stringPrograms.pract" name="m1" time="0.012"/>
</testsuite> <!-- stringPrograms.pract -->
