<?xml version="1.0" encoding="UTF-8"?>
<!-- Generated by org.testng.reporters.JUnitReportReporter -->
<testsuite hostname="PavanKalyan" failures="0" tests="1" name="stringPrograms.CommonCharacters" time="17.862" errors="0" timestamp="2024-07-26T13:00:58 IST" skipped="0">
  <testcase classname="stringPrograms.CommonCharacters" name="m3" time="17.862"/>
</testsuite> <!-- stringPrograms.CommonCharacters -->
