<?xml version="1.0" encoding="UTF-8"?>
<!-- Generated by org.testng.reporters.JUnitReportReporter -->
<testsuite hostname="PavanKalyan" failures="0" tests="1" name="javaPrigrams.FrequencyOfOddAndEvenInMatrix" time="0.006" errors="0" timestamp="2024-07-29T11:13:39 IST" skipped="0">
  <testcase classname="javaPrigrams.FrequencyOfOddAndEvenInMatrix" name="m1" time="0.006"/>
</testsuite> <!-- javaPrigrams.FrequencyOfOddAndEvenInMatrix -->
