<?xml version="1.0" encoding="UTF-8"?>
<!-- Generated by org.testng.reporters.JUnitReportReporter -->
<testsuite hostname="PavanKalyan" failures="0" tests="1" name="responseValidation.VerifyResponseHeaderTest" time="1.360" errors="0" timestamp="2024-07-02T11:06:59 IST" skipped="0">
  <testcase classname="responseValidation.VerifyResponseHeaderTest" name="verifyHeader" time="1.360"/>
</testsuite> <!-- responseValidation.VerifyResponseHeaderTest -->
