<?xml version="1.0" encoding="UTF-8"?>
<!-- Generated by org.testng.reporters.JUnitReportReporter -->
<testsuite hostname="PavanKalyan" failures="0" tests="3" name="dataDrivenTest.AddMultipleProjects" time="1.512" errors="0" timestamp="2024-07-05T13:22:42 IST" skipped="0">
  <testcase classname="dataDrivenTest.AddMultipleProjects" name="sampleTest" time="0.080"/>
  <testcase classname="dataDrivenTest.AddMultipleProjects" name="sampleTest" time="0.089"/>
  <testcase classname="dataDrivenTest.AddMultipleProjects" name="sampleTest" time="1.343"/>
</testsuite> <!-- dataDrivenTest.AddMultipleProjects -->
