<?xml version="1.0" encoding="UTF-8"?>
<!-- Generated by org.testng.reporters.JUnitReportReporter -->
<testsuite hostname="PavanKalyan" failures="0" tests="1" name="ArrayPrograms.sequence" time="0.012" errors="0" timestamp="2024-07-18T10:25:30 IST" skipped="0">
  <testcase classname="ArrayPrograms.sequence" name="m1" time="0.012"/>
</testsuite> <!-- ArrayPrograms.sequence -->
