<?xml version="1.0" encoding="UTF-8"?>
<!-- Generated by org.testng.reporters.JUnitReportReporter -->
<testsuite hostname="PavanKalyan" failures="0" tests="1" name="programsPractice.MaximumFrequencyElement" time="0.008" errors="0" timestamp="2024-07-10T14:51:53 IST" skipped="0">
  <testcase classname="programsPractice.MaximumFrequencyElement" name="m3" time="0.008"/>
</testsuite> <!-- programsPractice.MaximumFrequencyElement -->
