<?xml version="1.0" encoding="UTF-8"?>
<!-- Generated by org.testng.reporters.JUnitReportReporter -->
<testsuite hostname="PavanKalyan" failures="0" tests="1" name="ArrayPrograms.LeftShiftInArray" time="0.006" errors="0" timestamp="2024-07-26T15:10:45 IST" skipped="0">
  <testcase classname="ArrayPrograms.LeftShiftInArray" name="m1" time="0.006"/>
</testsuite> <!-- ArrayPrograms.LeftShiftInArray -->
