<?xml version="1.0" encoding="UTF-8"?>
<!-- Generated by org.testng.reporters.JUnitReportReporter -->
<testsuite hostname="PavanKalyan" failures="0" tests="1" name="javaPrigrams.ImmutablePractice" time="0.011" errors="0" timestamp="2024-07-29T12:54:42 IST" skipped="0">
  <testcase classname="javaPrigrams.ImmutablePractice" name="m2" time="0.011"/>
</testsuite> <!-- javaPrigrams.ImmutablePractice -->
