<?xml version="1.0" encoding="UTF-8"?>
<!-- Generated by org.testng.reporters.JUnitReportReporter -->
<testsuite hostname="PavanKalyan" failures="0" tests="1" name="stringPrograms.RemoveDuplicates" time="0.009" errors="0" timestamp="2024-07-11T13:02:18 IST" skipped="0">
  <testcase classname="stringPrograms.RemoveDuplicates" name="m1" time="0.009"/>
</testsuite> <!-- stringPrograms.RemoveDuplicates -->
