<?xml version="1.0" encoding="UTF-8"?>
<!-- Generated by org.testng.reporters.JUnitReportReporter -->
<testsuite hostname="PavanKalyan" failures="0" tests="1" name="ArrayPrograms.highOcc" time="0.007" errors="0" timestamp="2024-07-18T17:58:04 IST" skipped="0">
  <testcase classname="ArrayPrograms.highOcc" name="m1" time="0.007"/>
</testsuite> <!-- ArrayPrograms.highOcc -->
