<?xml version="1.0" encoding="UTF-8"?>
<!-- Generated by org.testng.reporters.JUnitReportReporter -->
<testsuite hostname="PavanKalyan" failures="0" tests="1" name="stringPrograms.OddIndex" time="0.008" errors="0" timestamp="2024-07-15T15:58:28 IST" skipped="0">
  <testcase classname="stringPrograms.OddIndex" name="oddIndex" time="0.008"/>
</testsuite> <!-- stringPrograms.OddIndex -->
