<?xml version="1.0" encoding="UTF-8"?>
<!-- Generated by org.testng.reporters.JUnitReportReporter -->
<testsuite hostname="PavanKalyan" failures="0" tests="1" name="stringPrograms.LargestPalindromeString" time="0.008" errors="0" timestamp="2024-07-25T18:44:40 IST" skipped="0">
  <testcase classname="stringPrograms.LargestPalindromeString" name="m4" time="0.008"/>
</testsuite> <!-- stringPrograms.LargestPalindromeString -->
