<?xml version="1.0" encoding="UTF-8"?>
<!-- Generated by org.testng.reporters.JUnitReportReporter -->
<testsuite hostname="PavanKalyan" failures="0" tests="1" name="com.sample.crud.withBDDTest.SamplePostTest" time="1.241" errors="0" timestamp="2024-06-27T12:48:05 IST" skipped="0">
  <testcase classname="com.sample.crud.withBDDTest.SamplePostTest" name="postDataToServer" time="1.241"/>
</testsuite> <!-- com.sample.crud.withBDDTest.SamplePostTest -->
