<?xml version="1.0" encoding="UTF-8"?>
<!-- Generated by org.testng.reporters.JUnitReportReporter -->
<testsuite hostname="PavanKalyan" failures="0" tests="1" name="practice.SampleTest1" time="0.007" errors="0" timestamp="2024-06-24T15:55:05 IST" skipped="0">
  <testcase classname="practice.SampleTest1" name="m1" time="0.007"/>
</testsuite> <!-- practice.SampleTest1 -->
