<?xml version="1.0" encoding="UTF-8"?>
<!-- Generated by org.testng.reporters.JUnitReportReporter -->
<testsuite hostname="PavanKalyan" failures="0" tests="1" name="ArrayPrograms.HighestSequenceInArray" time="0.008" errors="0" timestamp="2024-07-24T09:45:51 IST" skipped="0">
  <testcase classname="ArrayPrograms.HighestSequenceInArray" name="m1" time="0.008"/>
</testsuite> <!-- ArrayPrograms.HighestSequenceInArray -->
