<?xml version="1.0" encoding="UTF-8"?>
<!-- Generated by org.testng.reporters.JUnitReportReporter -->
<testsuite hostname="PavanKalyan" failures="0" tests="1" name="stringPrograms.Anagram" time="0.006" errors="0" timestamp="2024-07-11T16:14:01 IST" skipped="0">
  <testcase classname="stringPrograms.Anagram" name="main" time="0.006"/>
</testsuite> <!-- stringPrograms.Anagram -->
