<?xml version="1.0" encoding="UTF-8"?>
<!-- Generated by org.testng.reporters.JUnitReportReporter -->
<testsuite hostname="PavanKalyan" failures="0" tests="1" name="parameterTypes.QueryParameter" time="1.233" errors="0" timestamp="2024-07-13T09:51:37 IST" skipped="0">
  <testcase classname="parameterTypes.QueryParameter" name="queryParameter" time="1.233"/>
</testsuite> <!-- parameterTypes.QueryParameter -->
