<?xml version="1.0" encoding="UTF-8"?>
<!-- Generated by org.testng.reporters.JUnitReportReporter -->
<testsuite hostname="PavanKalyan" failures="0" tests="1" name="encryption.EncodeAndDecodeTest" time="0.006" errors="0" timestamp="2024-07-05T10:28:28 IST" skipped="0">
  <testcase classname="encryption.EncodeAndDecodeTest" name="sampleTest" time="0.006"/>
</testsuite> <!-- encryption.EncodeAndDecodeTest -->
