<?xml version="1.0" encoding="UTF-8"?>
<!-- Generated by org.testng.reporters.JUnitReportReporter -->
<testsuite hostname="PavanKalyan" failures="0" tests="1" name="stringPrograms.SwapFirstAndLastWords" time="0.011" errors="0" timestamp="2024-07-25T17:24:05 IST" skipped="0">
  <testcase classname="stringPrograms.SwapFirstAndLastWords" name="swapTwoStringsWithoutUsingVariable" time="0.011"/>
</testsuite> <!-- stringPrograms.SwapFirstAndLastWords -->
