<?xml version="1.0" encoding="UTF-8"?>
<!-- Generated by org.testng.reporters.JUnitReportReporter -->
<testsuite hostname="PavanKalyan" failures="0" tests="1" name="programsPractice.SwapFirstHalfSecondHalf" time="0.008" errors="0" timestamp="2024-07-10T12:33:18 IST" skipped="0">
  <testcase classname="programsPractice.SwapFirstHalfSecondHalf" name="m1" time="0.008"/>
</testsuite> <!-- programsPractice.SwapFirstHalfSecondHalf -->
