<?xml version="1.0" encoding="UTF-8"?>
<!-- Generated by org.testng.reporters.JUnitReportReporter -->
<testsuite hostname="PavanKalyan" failures="0" tests="1" name="ArrayPrograms.FrequencyOfOccurance" time="0.007" errors="0" timestamp="2024-07-24T17:56:43 IST" skipped="0">
  <testcase classname="ArrayPrograms.FrequencyOfOccurance" name="main" time="0.007"/>
</testsuite> <!-- ArrayPrograms.FrequencyOfOccurance -->
