<?xml version="1.0" encoding="UTF-8"?>
<!-- Generated by org.testng.reporters.JUnitReportReporter -->
<testsuite hostname="PavanKalyan" failures="0" tests="1" name="com.backend.testing.SamplePostTest" time="1.393" errors="0" timestamp="2024-06-27T12:33:54 IST" skipped="0">
  <testcase classname="com.backend.testing.SamplePostTest" name="postDataToServer" time="1.393"/>
</testsuite> <!-- com.backend.testing.SamplePostTest -->
