<?xml version="1.0" encoding="UTF-8"?>
<!-- Generated by org.testng.reporters.JUnitReportReporter -->
<testsuite hostname="PavanKalyan" failures="0" tests="1" name="parameterTypes.ParamParameter" time="1.249" errors="0" timestamp="2024-07-13T09:58:23 IST" skipped="0">
  <testcase classname="parameterTypes.ParamParameter" name="paramParameter" time="1.249"/>
</testsuite> <!-- parameterTypes.ParamParameter -->
