<?xml version="1.0" encoding="UTF-8"?>
<!-- Generated by org.testng.reporters.JUnitReportReporter -->
<testsuite hostname="PavanKalyan" failures="0" tests="1" name="seleniumPractice.OpenNewWindow" time="10.451" errors="0" timestamp="2024-07-29T11:57:42 IST" skipped="0">
  <testcase classname="seleniumPractice.OpenNewWindow" name="m1" time="10.451"/>
</testsuite> <!-- seleniumPractice.OpenNewWindow -->
