<?xml version="1.0" encoding="UTF-8"?>
<!-- Generated by org.testng.reporters.JUnitReportReporter -->
<testsuite hostname="PavanKalyan" failures="0" tests="1" name="practice.hashmapPractice" time="0.009" errors="0" timestamp="2024-07-26T09:39:30 IST" skipped="0">
  <testcase classname="practice.hashmapPractice" name="m2" time="0.009"/>
</testsuite> <!-- practice.hashmapPractice -->
