<?xml version="1.0" encoding="UTF-8"?>
<!-- Generated by org.testng.reporters.JUnitReportReporter -->
<testsuite hostname="PavanKalyan" failures="0" tests="1" name="programsPractice.SecondSmallest" time="0.012" errors="0" timestamp="2024-07-10T12:52:11 IST" skipped="0">
  <testcase classname="programsPractice.SecondSmallest" name="m2" time="0.012"/>
</testsuite> <!-- programsPractice.SecondSmallest -->
