<?xml version="1.0" encoding="UTF-8"?>
<!-- Generated by org.testng.reporters.JUnitReportReporter -->
<testsuite hostname="PavanKalyan" failures="0" tests="1" name="requestChaining.Scenario_03_PayRollinfo" time="4.194" errors="0" timestamp="2024-07-04T09:57:28 IST" skipped="0">
  <testcase classname="requestChaining.Scenario_03_PayRollinfo" name="payroll" time="4.194"/>
</testsuite> <!-- requestChaining.Scenario_03_PayRollinfo -->
