<?xml version="1.0" encoding="UTF-8"?>
<!-- Generated by org.testng.reporters.JUnitReportReporter -->
<testsuite hostname="PavanKalyan" failures="0" tests="1" name="stringPrograms.HighestOccurance" time="0.010" errors="0" timestamp="2024-07-13T13:24:40 IST" skipped="0">
  <testcase classname="stringPrograms.HighestOccurance" name="m1" time="0.010"/>
</testsuite> <!-- stringPrograms.HighestOccurance -->
