<?xml version="1.0" encoding="UTF-8"?>
<!-- Generated by org.testng.reporters.JUnitReportReporter -->
<testsuite hostname="PavanKalyan" failures="0" tests="1" name="stringPrograms.PalindromeString" time="0.009" errors="0" timestamp="2024-07-11T12:47:56 IST" skipped="0">
  <testcase classname="stringPrograms.PalindromeString" name="m2" time="0.009"/>
</testsuite> <!-- stringPrograms.PalindromeString -->
