<?xml version="1.0" encoding="UTF-8"?>
<!-- Generated by org.testng.reporters.JUnitReportReporter -->
<testsuite hostname="PavanKalyan" failures="0" tests="1" name="stringPrograms.ReverseEachWordOfString" time="0.008" errors="0" timestamp="2024-07-11T13:30:48 IST" skipped="0">
  <testcase classname="stringPrograms.ReverseEachWordOfString" name="m1" time="0.008"/>
</testsuite> <!-- stringPrograms.ReverseEachWordOfString -->
