<?xml version="1.0" encoding="UTF-8"?>
<!-- Generated by org.testng.reporters.JUnitReportReporter -->
<testsuite hostname="PavanKalyan" failures="0" tests="1" name="com.sample.crud.withBDDTest.SamplePutTest" time="1.483" errors="0" timestamp="2024-06-27T12:24:14 IST" skipped="0">
  <testcase classname="com.sample.crud.withBDDTest.SamplePutTest" name="putDataToServer" time="1.483"/>
</testsuite> <!-- com.sample.crud.withBDDTest.SamplePutTest -->
