<?xml version="1.0" encoding="UTF-8"?>
<!-- Generated by org.testng.reporters.JUnitReportReporter -->
<testsuite hostname="PavanKalyan" failures="0" tests="1" name="ArrayPrograms.RotateArray" time="0.008" errors="0" timestamp="2024-07-13T14:45:57 IST" skipped="0">
  <testcase classname="ArrayPrograms.RotateArray" name="m1" time="0.008"/>
</testsuite> <!-- ArrayPrograms.RotateArray -->
