<?xml version="1.0" encoding="UTF-8"?>
<!-- Generated by org.testng.reporters.JUnitReportReporter -->
<testsuite hostname="PavanKalyan" failures="0" tests="1" name="com.backend.testing.SampleDeleteTest" time="1.172" errors="0" timestamp="2024-06-27T10:48:29 IST" skipped="0">
  <testcase classname="com.backend.testing.SampleDeleteTest" name="deleteDatafromServer" time="1.172"/>
</testsuite> <!-- com.backend.testing.SampleDeleteTest -->
