<?xml version="1.0" encoding="UTF-8"?>
<!-- Generated by org.testng.reporters.JUnitReportReporter -->
<testsuite hostname="PavanKalyan" failures="0" tests="1" name="responseValidation.Verify_Complex_BodyWithConditionTest" time="1.963" errors="0" timestamp="2024-07-02T14:51:48 IST" skipped="0">
  <testcase classname="responseValidation.Verify_Complex_BodyWithConditionTest" name="verifyComplexBody" time="1.963"/>
</testsuite> <!-- responseValidation.Verify_Complex_BodyWithConditionTest -->
