<?xml version="1.0" encoding="UTF-8"?>
<!-- Generated by org.testng.reporters.JUnitReportReporter -->
<testsuite hostname="PavanKalyan" failures="0" tests="1" name="responseValidation.VerifyResponseTimeTest" time="1.310" errors="0" timestamp="2024-07-02T11:41:55 IST" skipped="0">
  <testcase classname="responseValidation.VerifyResponseTimeTest" name="verifyTime" time="1.310"/>
</testsuite> <!-- responseValidation.VerifyResponseTimeTest -->
