<?xml version="1.0" encoding="UTF-8"?>
<!-- Generated by org.testng.reporters.JUnitReportReporter -->
<testsuite hostname="PavanKalyan" failures="0" tests="1" name="POJO_CLASS_PRACTICE.Anagram" time="0.006" errors="0" timestamp="2024-07-19T15:18:05 IST" skipped="0">
  <testcase classname="POJO_CLASS_PRACTICE.Anagram" name="m1" time="0.006"/>
</testsuite> <!-- POJO_CLASS_PRACTICE.Anagram -->
