<?xml version="1.0" encoding="UTF-8"?>
<!-- Generated by org.testng.reporters.JUnitReportReporter -->
<testsuite hostname="PavanKalyan" failures="0" tests="1" name="programsPractice.MoveAllZerosToEnd" time="0.013" errors="0" timestamp="2024-07-10T13:13:54 IST" skipped="0">
  <testcase classname="programsPractice.MoveAllZerosToEnd" name="m2" time="0.013"/>
</testsuite> <!-- programsPractice.MoveAllZerosToEnd -->
