<?xml version="1.0" encoding="UTF-8"?>
<!-- Generated by org.testng.reporters.JUnitReportReporter -->
<testsuite hostname="PavanKalyan" failures="0" tests="1" name="programsPractice.MergeTwoArray" time="0.007" errors="0" timestamp="2024-07-10T12:22:39 IST" skipped="0">
  <testcase classname="programsPractice.MergeTwoArray" name="m3" time="0.007"/>
</testsuite> <!-- programsPractice.MergeTwoArray -->
