<?xml version="1.0" encoding="UTF-8"?>
<!-- Generated by org.testng.reporters.JUnitReportReporter -->
<testsuite hostname="PavanKalyan" failures="0" tests="1" name="stringPrograms.ReplaceVowelsWithSpace" time="0.011" errors="0" timestamp="2024-07-11T11:57:11 IST" skipped="0">
  <testcase classname="stringPrograms.ReplaceVowelsWithSpace" name="m2" time="0.011"/>
</testsuite> <!-- stringPrograms.ReplaceVowelsWithSpace -->
