<?xml version="1.0" encoding="UTF-8"?>
<!-- Generated by org.testng.reporters.JUnitReportReporter -->
<testsuite hostname="PavanKalyan" failures="0" tests="1" name="programsPractice.RemoveDuplicates" time="0.006" errors="0" timestamp="2024-07-10T10:45:45 IST" skipped="0">
  <testcase classname="programsPractice.RemoveDuplicates" name="m1" time="0.006"/>
</testsuite> <!-- programsPractice.RemoveDuplicates -->
