<?xml version="1.0" encoding="UTF-8"?>
<!-- Generated by org.testng.reporters.JUnitReportReporter -->
<testsuite hostname="PavanKalyan" failures="0" tests="1" name="ArrayPrograms.RightShiftInArrayNtimes" time="0.008" errors="0" timestamp="2024-07-26T15:22:03 IST" skipped="0">
  <testcase classname="ArrayPrograms.RightShiftInArrayNtimes" name="m2" time="0.008"/>
</testsuite> <!-- ArrayPrograms.RightShiftInArrayNtimes -->
