<?xml version="1.0" encoding="UTF-8"?>
<!-- Generated by org.testng.reporters.JUnitReportReporter -->
<testsuite hostname="PavanKalyan" failures="0" tests="2" name="programsPractice.DescendingOrder" time="0.016" errors="0" timestamp="2024-07-10T12:15:35 IST" skipped="0">
  <testcase classname="programsPractice.DescendingOrder" name="m1" time="0.010"/>
  <testcase classname="programsPractice.DescendingOrder" name="m2" time="0.006"/>
</testsuite> <!-- programsPractice.DescendingOrder -->
