<?xml version="1.0" encoding="UTF-8"?>
<!-- Generated by org.testng.reporters.JUnitReportReporter -->
<testsuite hostname="PavanKalyan" failures="0" tests="99" name="dataDrivenTest.AddMultipleProjects2" time="8.689" errors="0" timestamp="2024-07-05T14:52:17 IST" skipped="0">
  <testcase classname="dataDrivenTest.AddMultipleProjects2" name="sampleTest" time="0.059"/>
  <testcase classname="dataDrivenTest.AddMultipleProjects2" name="sampleTest" time="0.076"/>
  <testcase classname="dataDrivenTest.AddMultipleProjects2" name="sampleTest" time="0.084"/>
  <testcase classname="dataDrivenTest.AddMultipleProjects2" name="sampleTest" time="0.072"/>
  <testcase classname="dataDrivenTest.AddMultipleProjects2" name="sampleTest" time="0.067"/>
  <testcase classname="dataDrivenTest.AddMultipleProjects2" name="sampleTest" time="0.059"/>
  <testcase classname="dataDrivenTest.AddMultipleProjects2" name="sampleTest" time="0.068"/>
  <testcase classname="dataDrivenTest.AddMultipleProjects2" name="sampleTest" time="0.064"/>
  <testcase classname="dataDrivenTest.AddMultipleProjects2" name="sampleTest" time="0.077"/>
  <testcase classname="dataDrivenTest.AddMultipleProjects2" name="sampleTest" time="0.060"/>
  <testcase classname="dataDrivenTest.AddMultipleProjects2" name="sampleTest" time="0.057"/>
  <testcase classname="dataDrivenTest.AddMultipleProjects2" name="sampleTest" time="0.072"/>
  <testcase classname="dataDrivenTest.AddMultipleProjects2" name="sampleTest" time="0.066"/>
  <testcase classname="dataDrivenTest.AddMultipleProjects2" name="sampleTest" time="0.127"/>
  <testcase classname="dataDrivenTest.AddMultipleProjects2" name="sampleTest" time="0.063"/>
  <testcase classname="dataDrivenTest.AddMultipleProjects2" name="sampleTest" time="0.154"/>
  <testcase classname="dataDrivenTest.AddMultipleProjects2" name="sampleTest" time="0.063"/>
  <testcase classname="dataDrivenTest.AddMultipleProjects2" name="sampleTest" time="0.069"/>
  <testcase classname="dataDrivenTest.AddMultipleProjects2" name="sampleTest" time="0.094"/>
  <testcase classname="dataDrivenTest.AddMultipleProjects2" name="sampleTest" time="0.073"/>
  <testcase classname="dataDrivenTest.AddMultipleProjects2" name="sampleTest" time="0.088"/>
  <testcase classname="dataDrivenTest.AddMultipleProjects2" name="sampleTest" time="0.068"/>
  <testcase classname="dataDrivenTest.AddMultipleProjects2" name="sampleTest" time="0.078"/>
  <testcase classname="dataDrivenTest.AddMultipleProjects2" name="sampleTest" time="0.059"/>
  <testcase classname="dataDrivenTest.AddMultipleProjects2" name="sampleTest" time="0.058"/>
  <testcase classname="dataDrivenTest.AddMultipleProjects2" name="sampleTest" time="0.086"/>
  <testcase classname="dataDrivenTest.AddMultipleProjects2" name="sampleTest" time="0.072"/>
  <testcase classname="dataDrivenTest.AddMultipleProjects2" name="sampleTest" time="0.073"/>
  <testcase classname="dataDrivenTest.AddMultipleProjects2" name="sampleTest" time="0.084"/>
  <testcase classname="dataDrivenTest.AddMultipleProjects2" name="sampleTest" time="0.083"/>
  <testcase classname="dataDrivenTest.AddMultipleProjects2" name="sampleTest" time="0.082"/>
  <testcase classname="dataDrivenTest.AddMultipleProjects2" name="sampleTest" time="0.064"/>
  <testcase classname="dataDrivenTest.AddMultipleProjects2" name="sampleTest" time="0.067"/>
  <testcase classname="dataDrivenTest.AddMultipleProjects2" name="sampleTest" time="0.086"/>
  <testcase classname="dataDrivenTest.AddMultipleProjects2" name="sampleTest" time="0.072"/>
  <testcase classname="dataDrivenTest.AddMultipleProjects2" name="sampleTest" time="0.066"/>
  <testcase classname="dataDrivenTest.AddMultipleProjects2" name="sampleTest" time="0.057"/>
  <testcase classname="dataDrivenTest.AddMultipleProjects2" name="sampleTest" time="0.078"/>
  <testcase classname="dataDrivenTest.AddMultipleProjects2" name="sampleTest" time="0.069"/>
  <testcase classname="dataDrivenTest.AddMultipleProjects2" name="sampleTest" time="0.104"/>
  <testcase classname="dataDrivenTest.AddMultipleProjects2" name="sampleTest" time="0.072"/>
  <testcase classname="dataDrivenTest.AddMultipleProjects2" name="sampleTest" time="0.069"/>
  <testcase classname="dataDrivenTest.AddMultipleProjects2" name="sampleTest" time="0.072"/>
  <testcase classname="dataDrivenTest.AddMultipleProjects2" name="sampleTest" time="0.075"/>
  <testcase classname="dataDrivenTest.AddMultipleProjects2" name="sampleTest" time="0.080"/>
  <testcase classname="dataDrivenTest.AddMultipleProjects2" name="sampleTest" time="0.109"/>
  <testcase classname="dataDrivenTest.AddMultipleProjects2" name="sampleTest" time="0.077"/>
  <testcase classname="dataDrivenTest.AddMultipleProjects2" name="sampleTest" time="0.063"/>
  <testcase classname="dataDrivenTest.AddMultipleProjects2" name="sampleTest" time="0.065"/>
  <testcase classname="dataDrivenTest.AddMultipleProjects2" name="sampleTest" time="0.063"/>
  <testcase classname="dataDrivenTest.AddMultipleProjects2" name="sampleTest" time="0.062"/>
  <testcase classname="dataDrivenTest.AddMultipleProjects2" name="sampleTest" time="0.065"/>
  <testcase classname="dataDrivenTest.AddMultipleProjects2" name="sampleTest" time="0.085"/>
  <testcase classname="dataDrivenTest.AddMultipleProjects2" name="sampleTest" time="0.076"/>
  <testcase classname="dataDrivenTest.AddMultipleProjects2" name="sampleTest" time="0.095"/>
  <testcase classname="dataDrivenTest.AddMultipleProjects2" name="sampleTest" time="0.072"/>
  <testcase classname="dataDrivenTest.AddMultipleProjects2" name="sampleTest" time="0.062"/>
  <testcase classname="dataDrivenTest.AddMultipleProjects2" name="sampleTest" time="0.078"/>
  <testcase classname="dataDrivenTest.AddMultipleProjects2" name="sampleTest" time="0.121"/>
  <testcase classname="dataDrivenTest.AddMultipleProjects2" name="sampleTest" time="0.076"/>
  <testcase classname="dataDrivenTest.AddMultipleProjects2" name="sampleTest" time="0.094"/>
  <testcase classname="dataDrivenTest.AddMultipleProjects2" name="sampleTest" time="0.075"/>
  <testcase classname="dataDrivenTest.AddMultipleProjects2" name="sampleTest" time="0.076"/>
  <testcase classname="dataDrivenTest.AddMultipleProjects2" name="sampleTest" time="0.086"/>
  <testcase classname="dataDrivenTest.AddMultipleProjects2" name="sampleTest" time="0.083"/>
  <testcase classname="dataDrivenTest.AddMultipleProjects2" name="sampleTest" time="0.061"/>
  <testcase classname="dataDrivenTest.AddMultipleProjects2" name="sampleTest" time="0.058"/>
  <testcase classname="dataDrivenTest.AddMultipleProjects2" name="sampleTest" time="0.100"/>
  <testcase classname="dataDrivenTest.AddMultipleProjects2" name="sampleTest" time="0.089"/>
  <testcase classname="dataDrivenTest.AddMultipleProjects2" name="sampleTest" time="0.074"/>
  <testcase classname="dataDrivenTest.AddMultipleProjects2" name="sampleTest" time="0.058"/>
  <testcase classname="dataDrivenTest.AddMultipleProjects2" name="sampleTest" time="0.073"/>
  <testcase classname="dataDrivenTest.AddMultipleProjects2" name="sampleTest" time="0.082"/>
  <testcase classname="dataDrivenTest.AddMultipleProjects2" name="sampleTest" time="0.121"/>
  <testcase classname="dataDrivenTest.AddMultipleProjects2" name="sampleTest" time="0.096"/>
  <testcase classname="dataDrivenTest.AddMultipleProjects2" name="sampleTest" time="0.065"/>
  <testcase classname="dataDrivenTest.AddMultipleProjects2" name="sampleTest" time="0.066"/>
  <testcase classname="dataDrivenTest.AddMultipleProjects2" name="sampleTest" time="0.080"/>
  <testcase classname="dataDrivenTest.AddMultipleProjects2" name="sampleTest" time="0.064"/>
  <testcase classname="dataDrivenTest.AddMultipleProjects2" name="sampleTest" time="1.183"/>
  <testcase classname="dataDrivenTest.AddMultipleProjects2" name="sampleTest" time="0.075"/>
  <testcase classname="dataDrivenTest.AddMultipleProjects2" name="sampleTest" time="0.096"/>
  <testcase classname="dataDrivenTest.AddMultipleProjects2" name="sampleTest" time="0.087"/>
  <testcase classname="dataDrivenTest.AddMultipleProjects2" name="sampleTest" time="0.075"/>
  <testcase classname="dataDrivenTest.AddMultipleProjects2" name="sampleTest" time="0.081"/>
  <testcase classname="dataDrivenTest.AddMultipleProjects2" name="sampleTest" time="0.071"/>
  <testcase classname="dataDrivenTest.AddMultipleProjects2" name="sampleTest" time="0.066"/>
  <testcase classname="dataDrivenTest.AddMultipleProjects2" name="sampleTest" time="0.066"/>
  <testcase classname="dataDrivenTest.AddMultipleProjects2" name="sampleTest" time="0.067"/>
  <testcase classname="dataDrivenTest.AddMultipleProjects2" name="sampleTest" time="0.071"/>
  <testcase classname="dataDrivenTest.AddMultipleProjects2" name="sampleTest" time="0.074"/>
  <testcase classname="dataDrivenTest.AddMultipleProjects2" name="sampleTest" time="0.068"/>
  <testcase classname="dataDrivenTest.AddMultipleProjects2" name="sampleTest" time="0.143"/>
  <testcase classname="dataDrivenTest.AddMultipleProjects2" name="sampleTest" time="0.075"/>
  <testcase classname="dataDrivenTest.AddMultipleProjects2" name="sampleTest" time="0.057"/>
  <testcase classname="dataDrivenTest.AddMultipleProjects2" name="sampleTest" time="0.077"/>
  <testcase classname="dataDrivenTest.AddMultipleProjects2" name="sampleTest" time="0.063"/>
  <testcase classname="dataDrivenTest.AddMultipleProjects2" name="sampleTest" time="0.066"/>
  <testcase classname="dataDrivenTest.AddMultipleProjects2" name="sampleTest" time="0.072"/>
</testsuite> <!-- dataDrivenTest.AddMultipleProjects2 -->
