<?xml version="1.0" encoding="UTF-8"?>
<!-- Generated by org.testng.reporters.JUnitReportReporter -->
<testsuite hostname="PavanKalyan" failures="0" tests="1" name="programsPractice.AscendingOrder" time="0.007" errors="0" timestamp="2024-07-10T14:58:48 IST" skipped="0">
  <testcase classname="programsPractice.AscendingOrder" name="m1" time="0.007"/>
</testsuite> <!-- programsPractice.AscendingOrder -->
