<?xml version="1.0" encoding="UTF-8"?>
<!-- Generated by org.testng.reporters.JUnitReportReporter -->
<testsuite hostname="PavanKalyan" failures="0" tests="1" name="deleteproject.DeletePRojects" time="9.108" errors="0" timestamp="2024-07-05T18:17:57 IST" skipped="0">
  <testcase classname="deleteproject.DeletePRojects" name="sample" time="9.108"/>
</testsuite> <!-- deleteproject.DeletePRojects -->
