<?xml version="1.0" encoding="UTF-8"?>
<!-- Generated by org.testng.reporters.JUnitReportReporter -->
<testsuite hostname="PavanKalyan" failures="0" tests="1" name="programsPractice.PrintDuplicates" time="0.010" errors="0" timestamp="2024-07-10T10:57:53 IST" skipped="0">
  <testcase classname="programsPractice.PrintDuplicates" name="m1" time="0.010"/>
</testsuite> <!-- programsPractice.PrintDuplicates -->
