<?xml version="1.0" encoding="UTF-8"?>
<!-- Generated by org.testng.reporters.JUnitReportReporter -->
<testsuite hostname="PavanKalyan" failures="0" tests="1" name="practice.DownloadToDesiredLocation" time="9.449" errors="0" timestamp="2024-07-25T15:38:47 IST" skipped="0">
  <testcase classname="practice.DownloadToDesiredLocation" name="m2" time="9.449"/>
</testsuite> <!-- practice.DownloadToDesiredLocation -->
