<?xml version="1.0" encoding="UTF-8"?>
<!-- Generated by org.testng.reporters.JUnitReportReporter -->
<testsuite hostname="PavanKalyan" failures="0" tests="1" name="programsPractice.SmallestElement" time="0.009" errors="0" timestamp="2024-07-10T12:50:20 IST" skipped="0">
  <testcase classname="programsPractice.SmallestElement" name="m2" time="0.009"/>
</testsuite> <!-- programsPractice.SmallestElement -->
