<?xml version="1.0" encoding="UTF-8"?>
<!-- Generated by org.testng.reporters.JUnitReportReporter -->
<testsuite hostname="PavanKalyan" failures="0" tests="1" name="encryption.API_EncodeTest" time="1.411" errors="0" timestamp="2024-07-05T10:28:04 IST" skipped="0">
  <testcase classname="encryption.API_EncodeTest" name="sampleTest" time="1.411"/>
</testsuite> <!-- encryption.API_EncodeTest -->
