<?xml version="1.0" encoding="UTF-8"?>
<!-- Generated by org.testng.reporters.JUnitReportReporter -->
<testsuite hostname="PavanKalyan" failures="0" tests="1" name="package1.SampleTest" time="1.610" errors="0" timestamp="2024-06-24T15:39:14 IST" skipped="0">
  <testcase classname="package1.SampleTest" name="sampleGetReqTest" time="1.610"/>
</testsuite> <!-- package1.SampleTest -->
