<?xml version="1.0" encoding="UTF-8"?>
<!-- Generated by org.testng.reporters.JUnitReportReporter -->
<testsuite hostname="PavanKalyan" failures="0" tests="1" name="parameterTypes.PathParameter" time="1.350" errors="0" timestamp="2024-07-13T09:51:06 IST" skipped="0">
  <testcase classname="parameterTypes.PathParameter" name="pathParameter" time="1.350"/>
</testsuite> <!-- parameterTypes.PathParameter -->
