<?xml version="1.0" encoding="UTF-8"?>
<!-- Generated by org.testng.reporters.JUnitReportReporter -->
<testsuite hostname="PavanKalyan" failures="0" tests="1" name="practice.FIlter" time="1.357" errors="0" timestamp="2024-07-19T11:35:12 IST" skipped="0">
  <testcase classname="practice.FIlter" name="paramParameter" time="1.357"/>
</testsuite> <!-- practice.FIlter -->
