<?xml version="1.0" encoding="UTF-8"?>
<!-- Generated by org.testng.reporters.JUnitReportReporter -->
<testsuite hostname="PavanKalyan" failures="0" tests="1" name="ArrayPrograms.SENDKEYSWITHOUT" time="12.739" errors="0" timestamp="2024-07-18T10:39:44 IST" skipped="0">
  <testcase classname="ArrayPrograms.SENDKEYSWITHOUT" name="m2" time="12.739"/>
</testsuite> <!-- ArrayPrograms.SENDKEYSWITHOUT -->
