<?xml version="1.0" encoding="UTF-8"?>
<!-- Generated by org.testng.reporters.JUnitReportReporter -->
<testsuite hostname="PavanKalyan" failures="0" tests="1" name="stringPrograms.CountTheWords" time="0.012" errors="0" timestamp="2024-07-25T17:38:51 IST" skipped="0">
  <testcase classname="stringPrograms.CountTheWords" name="m2" time="0.012"/>
</testsuite> <!-- stringPrograms.CountTheWords -->
