<?xml version="1.0" encoding="UTF-8"?>
<!-- Generated by org.testng.reporters.JUnitReportReporter -->
<testsuite hostname="PavanKalyan" failures="0" tests="1" name="stringPrograms.ReverseString" time="0.011" errors="0" timestamp="2024-07-11T12:25:43 IST" skipped="0">
  <testcase classname="stringPrograms.ReverseString" name="m2" time="0.011"/>
</testsuite> <!-- stringPrograms.ReverseString -->
